[    0.000000] Linux version 4.15.0-212-generic (buildd@lcy02-amd64-083) (gcc version 7.5.0 (Ubuntu 7.5.0-3ubuntu1~18.04)) #223-Ubuntu SMP Tue May 23 13:09:22 UTC 2023 (Ubuntu 4.15.0-212.223-generic 4.15.18)
[    0.000000] Command line: BOOT_IMAGE=/boot/vmlinuz-4.15.0-212-generic root=LABEL=cloudimg-rootfs ro console=tty1 console=ttyS0
[    0.000000] KERNEL supported cpus:
[    0.000000]   Intel GenuineIntel
[    0.000000]   AMD AuthenticAMD
[    0.000000]   Centaur CentaurHauls
[    0.000000] x86/fpu: x87 FPU will use FXSAVE
[    0.000000] e820: BIOS-provided physical RAM map:
[    0.000000] BIOS-e820: [mem 0x0000000000000000-0x000000000009fbff] usable
[    0.000000] BIOS-e820: [mem 0x000000000009fc00-0x000000000009ffff] reserved
[    0.000000] BIOS-e820: [mem 0x00000000000f0000-0x00000000000fffff] reserved
[    0.000000] BIOS-e820: [mem 0x0000000000100000-0x000000000ffeffff] usable
[    0.000000] BIOS-e820: [mem 0x000000000fff0000-0x000000000fffffff] ACPI data
[    0.000000] BIOS-e820: [mem 0x00000000fec00000-0x00000000fec00fff] reserved
[    0.000000] BIOS-e820: [mem 0x00000000fee00000-0x00000000fee00fff] reserved
[    0.000000] BIOS-e820: [mem 0x00000000fffc0000-0x00000000ffffffff] reserved
[    0.000000] NX (Execute Disable) protection: active
[    0.000000] SMBIOS 2.5 present.
[    0.000000] DMI: innotek GmbH VirtualBox/VirtualBox, BIOS VirtualBox 12/01/2006
[    0.000000] Hypervisor detected: KVM
[    0.000000] e820: last_pfn = 0xfff0 max_arch_pfn = 0x400000000
[    0.000000] MTRR: Disabled
[    0.000000] x86/PAT: MTRRs disabled, skipping PAT initialization too.
[    0.000000] CPU MTRRs all blank - virtualized system.
[    0.000000] x86/PAT: Configuration [0-7]: WB  WT  UC- UC  WB  WT  UC- UC  
[    0.000000] found SMP MP-table at [mem 0x0009fff0-0x0009ffff]
[    0.000000] Scanning 1 areas for low memory corruption
[    0.000000] RAMDISK: [mem 0x0da1c000-0x0ee0bfff]
[    0.000000] ACPI: Early table checksum verification disabled
[    0.000000] ACPI: RSDP 0x00000000000E0000 000024 (v02 VBOX  )
[    0.000000] ACPI: XSDT 0x000000000FFF0030 00003C (v01 VBOX   VBOXXSDT 00000001 ASL  00000061)
[    0.000000] ACPI: FACP 0x000000000FFF00F0 0000F4 (v04 VBOX   VBOXFACP 00000001 ASL  00000061)
[    0.000000] ACPI: DSDT 0x000000000FFF0610 002353 (v02 VBOX   VBOXBIOS 00000002 INTL 20100528)
[    0.000000] ACPI: FACS 0x000000000FFF0200 000040
[    0.000000] ACPI: FACS 0x000000000FFF0200 000040
[    0.000000] ACPI: APIC 0x000000000FFF0240 000054 (v02 VBOX   VBOXAPIC 00000001 ASL  00000061)
[    0.000000] ACPI: SSDT 0x000000000FFF02A0 00036C (v01 VBOX   VBOXCPUT 00000002 INTL 20100528)
[    0.000000] ACPI: Reserving FACP table memory at [mem 0xfff00f0-0xfff01e3]
[    0.000000] ACPI: Reserving DSDT table memory at [mem 0xfff0610-0xfff2962]
[    0.000000] ACPI: Reserving FACS table memory at [mem 0xfff0200-0xfff023f]
[    0.000000] ACPI: Reserving FACS table memory at [mem 0xfff0200-0xfff023f]
[    0.000000] ACPI: Reserving APIC table memory at [mem 0xfff0240-0xfff0293]
[    0.000000] ACPI: Reserving SSDT table memory at [mem 0xfff02a0-0xfff060b]
[    0.000000] No NUMA configuration found
[    0.000000] Faking a node at [mem 0x0000000000000000-0x000000000ffeffff]
[    0.000000] NODE_DATA(0) allocated [mem 0x0ffc5000-0x0ffeffff]
[    0.000000] kvm-clock: cpu 0, msr 0:ff44001, primary cpu clock
[    0.000000] kvm-clock: Using msrs 4b564d01 and 4b564d00
[    0.000000] kvm-clock: using sched offset of 6615637861 cycles
[    0.000000] clocksource: kvm-clock: mask: 0xffffffffffffffff max_cycles: 0x1cd42e4dffb, max_idle_ns: 881590591483 ns
[    0.000000] Zone ranges:
[    0.000000]   DMA      [mem 0x0000000000001000-0x0000000000ffffff]
[    0.000000]   DMA32    [mem 0x0000000001000000-0x000000000ffeffff]
[    0.000000]   Normal   empty
[    0.000000]   Device   empty
[    0.000000] Movable zone start for each node
[    0.000000] Early memory node ranges
[    0.000000]   node   0: [mem 0x0000000000001000-0x000000000009efff]
[    0.000000]   node   0: [mem 0x0000000000100000-0x000000000ffeffff]
[    0.000000] Reserved but unavailable: 104 pages
[    0.000000] Initmem setup node 0 [mem 0x0000000000001000-0x000000000ffeffff]
[    0.000000] ACPI: PM-Timer IO Port: 0x4008
[    0.000000] IOAPIC[0]: apic_id 1, version 32, address 0xfec00000, GSI 0-23
[    0.000000] ACPI: INT_SRC_OVR (bus 0 bus_irq 0 global_irq 2 dfl dfl)
[    0.000000] ACPI: INT_SRC_OVR (bus 0 bus_irq 9 global_irq 9 low level)
[    0.000000] Using ACPI (MADT) for SMP configuration information
[    0.000000] smpboot: Allowing 1 CPUs, 0 hotplug CPUs
[    0.000000] PM: Registered nosave memory: [mem 0x00000000-0x00000fff]
[    0.000000] PM: Registered nosave memory: [mem 0x0009f000-0x0009ffff]
[    0.000000] PM: Registered nosave memory: [mem 0x000a0000-0x000effff]
[    0.000000] PM: Registered nosave memory: [mem 0x000f0000-0x000fffff]
[    0.000000] e820: [mem 0x10000000-0xfebfffff] available for PCI devices
[    0.000000] Booting paravirtualized kernel on KVM
[    0.000000] clocksource: refined-jiffies: mask: 0xffffffff max_cycles: 0xffffffff, max_idle_ns: 7645519600211568 ns
[    0.000000] setup_percpu: NR_CPUS:8192 nr_cpumask_bits:1 nr_cpu_ids:1 nr_node_ids:1
[    0.000000] percpu: Embedded 50 pages/cpu s167936 r8192 d28672 u2097152
[    0.000000] PV qspinlock hash table entries: 256 (order: 0, 4096 bytes)
[    0.000000] Built 1 zonelists, mobility grouping on.  Total pages: 64377
[    0.000000] Policy zone: DMA32
[    0.000000] Kernel command line: BOOT_IMAGE=/boot/vmlinuz-4.15.0-212-generic root=LABEL=cloudimg-rootfs ro console=tty1 console=ttyS0
[    0.000000] Memory: 207812K/261688K available (12300K kernel code, 2477K rwdata, 4324K rodata, 2480K init, 2720K bss, 53876K reserved, 0K cma-reserved)
[    0.000000] SLUB: HWalign=64, Order=0-3, MinObjects=0, CPUs=1, Nodes=1
[    0.000000] ftrace: allocating 39508 entries in 155 pages
[    0.004000] Hierarchical RCU implementation.
[    0.004000] 	RCU restricting CPUs from NR_CPUS=8192 to nr_cpu_ids=1.
[    0.004000] 	Tasks RCU enabled.
[    0.004000] RCU: Adjusting geometry for rcu_fanout_leaf=16, nr_cpu_ids=1
[    0.004000] NR_IRQS: 524544, nr_irqs: 256, preallocated irqs: 16
[    0.004000] random: crng init done
[    0.004000] Console: colour VGA+ 80x25
[    0.004000] console [tty1] enabled
[    0.004000] console [ttyS0] enabled
[    0.004000] ACPI: Core revision 20170831
[    0.004000] ACPI: 2 ACPI AML tables successfully acquired and loaded
[    0.004000] APIC: Switch to symmetric I/O mode setup
[    0.008000] ..TIMER: vector=0x30 apic1=0 pin1=2 apic2=-1 pin2=-1
[    0.008014] tsc: Detected 3110.400 MHz processor
[    0.012022] Calibrating delay loop (skipped) preset value.. 6220.80 BogoMIPS (lpj=12441600)
[    0.020012] pid_max: default: 32768 minimum: 301
[    0.024072] Security Framework initialized
[    0.028005] Yama: becoming mindful.
[    0.032050] AppArmor: AppArmor initialized
[    0.036133] Dentry cache hash table entries: 32768 (order: 6, 262144 bytes)
[    0.040049] Inode-cache hash table entries: 16384 (order: 5, 131072 bytes)
[    0.044046] Mount-cache hash table entries: 512 (order: 0, 4096 bytes)
[    0.048023] Mountpoint-cache hash table entries: 512 (order: 0, 4096 bytes)
[    0.059881] Last level iTLB entries: 4KB 0, 2MB 0, 4MB 0
[    0.060010] Last level dTLB entries: 4KB 0, 2MB 0, 4MB 0, 1GB 0
[    0.064016] Spectre V1 : Mitigation: usercopy/swapgs barriers and __user pointer sanitization
[    0.068010] Spectre V2 : Mitigation: Enhanced IBRS
[    0.072010] Spectre V2 : Spectre v2 / SpectreRSB mitigation: Filling RSB on context switch
[    0.076013] Spectre V2 : Spectre v2 / PBRSB-eIBRS: Retire a single CALL on VMEXIT
[    0.080012] RETBleed: Mitigation: Enhanced IBRS
[    0.084011] Speculative Store Bypass: Vulnerable
[    0.100000] Freeing SMP alternatives memory: 36K
[    0.217415] smpboot: CPU0: 12th Gen Intel(R) Core(TM) i5-12500H (family: 0x6, model: 0x9a, stepping: 0x3)
[    0.220096] Performance Events: unsupported p6 CPU model 154 no PMU driver, software events only.
[    0.224379] Hierarchical SRCU implementation.
[    0.229089] NMI watchdog: Perf event create on CPU 0 failed with -2
[    0.232011] NMI watchdog: Perf NMI watchdog permanently disabled
[    0.236129] smp: Bringing up secondary CPUs ...
[    0.240014] smp: Brought up 1 node, 1 CPU
[    0.244012] smpboot: Max logical packages: 1
[    0.248010] smpboot: Total of 1 processors activated (6220.80 BogoMIPS)
[    0.252258] devtmpfs: initialized
[    0.260131] x86/mm: Memory block size: 128MB
[    0.264188] evm: security.selinux
[    0.268011] evm: security.SMACK64
[    0.272012] evm: security.SMACK64EXEC
[    0.276011] evm: security.SMACK64TRANSMUTE
[    0.280015] evm: security.SMACK64MMAP
[    0.284013] evm: security.apparmor
[    0.288020] evm: security.ima
[    0.292017] evm: security.capability
[    0.296304] clocksource: jiffies: mask: 0xffffffff max_cycles: 0xffffffff, max_idle_ns: 7645041785100000 ns
[    0.300042] futex hash table entries: 256 (order: 2, 16384 bytes)
[    0.304121] pinctrl core: initialized pinctrl subsystem
[    0.312012] RTC time:  5:03:58, date: 08/07/24
[    0.316424] NET: Registered protocol family 16
[    0.320190] audit: initializing netlink subsys (disabled)
[    0.324228] cpuidle: using governor ladder
[    0.328024] audit: type=2000 audit(1723007044.163:1): state=initialized audit_enabled=0 res=1
[    0.332031] cpuidle: using governor menu
[    0.336130] ACPI: bus type PCI registered
[    0.340010] acpiphp: ACPI Hot Plug PCI Controller Driver version: 0.5
[    0.348512] PCI: Using configuration type 1 for base access
[    0.354917] HugeTLB registered 2.00 MiB page size, pre-allocated 0 pages
[    0.356372] ACPI: Added _OSI(Module Device)
[    0.360023] ACPI: Added _OSI(Processor Device)
[    0.364017] ACPI: Added _OSI(3.0 _SCP Extensions)
[    0.368019] ACPI: Added _OSI(Processor Aggregator Device)
[    0.372048] ACPI: Added _OSI(Linux-Dell-Video)
[    0.376053] ACPI: Added _OSI(Linux-Lenovo-NV-HDMI-Audio)
[    0.380025] ACPI: Added _OSI(Linux-HPI-Hybrid-Graphics)
[    0.387384] ACPI: Executed 1 blocks of module-level executable AML code
[    0.398641] ACPI: Interpreter enabled
[    0.400058] ACPI: (supports S0 S5)
[    0.404015] ACPI: Using IOAPIC for interrupt routing
[    0.409360] PCI: Using host bridge windows from ACPI; if necessary, use "pci=nocrs" and report a bug
[    0.412778] ACPI: Enabled 2 GPEs in block 00 to 07
[    0.456050] ACPI: PCI Root Bridge [PCI0] (domain 0000 [bus 00-ff])
[    0.460032] acpi PNP0A03:00: _OSC: OS supports [ASPM ClockPM Segments MSI]
[    0.466562] acpi PNP0A03:00: _OSC: not requesting OS control; OS requires [ExtendedConfig ASPM ClockPM MSI]
[    0.468063] acpi PNP0A03:00: fail to add MMCONFIG information, can't access extended PCI configuration space under this bridge.
[    0.477104] PCI host bridge to bus 0000:00
[    0.480022] pci_bus 0000:00: root bus resource [io  0x0000-0x0cf7 window]
[    0.484023] pci_bus 0000:00: root bus resource [io  0x0d00-0xffff window]
[    0.488023] pci_bus 0000:00: root bus resource [mem 0x000a0000-0x000bffff window]
[    0.496032] pci_bus 0000:00: root bus resource [mem 0x10000000-0xfdffffff window]
[    0.500021] pci_bus 0000:00: root bus resource [bus 00-ff]
[    0.534470] pci 0000:00:01.1: legacy IDE quirk: reg 0x10: [io  0x01f0-0x01f7]
[    0.536022] pci 0000:00:01.1: legacy IDE quirk: reg 0x14: [io  0x03f6]
[    0.540021] pci 0000:00:01.1: legacy IDE quirk: reg 0x18: [io  0x0170-0x0177]
[    0.544023] pci 0000:00:01.1: legacy IDE quirk: reg 0x1c: [io  0x0376]
[    0.595030] pci 0000:00:07.0: quirk: [io  0x4000-0x403f] claimed by PIIX4 ACPI
[    0.596074] pci 0000:00:07.0: quirk: [io  0x4100-0x410f] claimed by PIIX4 SMB
[    0.612405] ACPI: PCI Interrupt Link [LNKA] (IRQs 5 9 10 *11)
[    0.616906] ACPI: PCI Interrupt Link [LNKB] (IRQs 5 9 *10 11)
[    0.620369] ACPI: PCI Interrupt Link [LNKC] (IRQs 5 *9 10 11)
[    0.628123] ACPI: PCI Interrupt Link [LNKD] (IRQs 5 9 10 *11)
[    0.632639] SCSI subsystem initialized
[    0.636211] pci 0000:00:02.0: vgaarb: setting as boot VGA device
[    0.640000] pci 0000:00:02.0: vgaarb: VGA device added: decodes=io+mem,owns=io+mem,locks=none
[    0.640014] pci 0000:00:02.0: vgaarb: bridge control possible
[    0.644012] vgaarb: loaded
[    0.648068] ACPI: bus type USB registered
[    0.652050] usbcore: registered new interface driver usbfs
[    0.656034] usbcore: registered new interface driver hub
[    0.660036] usbcore: registered new device driver usb
[    0.664125] EDAC MC: Ver: 3.0.0
[    0.669183] PCI: Using ACPI for IRQ routing
[    0.677379] NetLabel: Initializing
[    0.680010] NetLabel:  domain hash size = 128
[    0.684009] NetLabel:  protocols = UNLABELED CIPSOv4 CALIPSO
[    0.692051] NetLabel:  unlabeled traffic allowed by default
[    0.696278] clocksource: Switched to clocksource kvm-clock
[    0.752176] VFS: Disk quotas dquot_6.6.0
[    0.760136] VFS: Dquot-cache hash table entries: 512 (order 0, 4096 bytes)
[    0.772641] AppArmor: AppArmor Filesystem Enabled
[    0.780401] pnp: PnP ACPI init
[    0.789050] pnp: PnP ACPI: found 3 devices
[    0.803690] clocksource: acpi_pm: mask: 0xffffff max_cycles: 0xffffff, max_idle_ns: 2085701024 ns
[    0.817202] NET: Registered protocol family 2
[    0.824161] IP idents hash table entries: 4096 (order: 3, 32768 bytes)
[    0.835717] TCP established hash table entries: 2048 (order: 2, 16384 bytes)
[    0.846312] TCP bind hash table entries: 2048 (order: 3, 32768 bytes)
[    0.856463] TCP: Hash tables configured (established 2048 bind 2048)
[    0.866776] UDP hash table entries: 256 (order: 1, 8192 bytes)
[    0.875744] UDP-Lite hash table entries: 256 (order: 1, 8192 bytes)
[    0.885548] NET: Registered protocol family 1
[    0.902977] pci 0000:00:00.0: Limiting direct PCI/PCI transfers
[    0.914756] pci 0000:00:01.0: Activating ISA DMA hang workarounds
[    0.924947] pci 0000:00:02.0: Video device with shadowed ROM at [mem 0x000c0000-0x000dffff]
[    0.943394] Unpacking initramfs...
[    3.108186] Freeing initrd memory: 20416K
[    3.129669] clocksource: tsc: mask: 0xffffffffffffffff max_cycles: 0x2cd5a8bb032, max_idle_ns: 440795365915 ns
[    3.166247] platform rtc_cmos: registered platform RTC device (no PNP device found)
[    3.193469] Scanning for low memory corruption every 60 seconds
[    3.217097] Initialise system trusted keyrings
[    3.233919] Key type blacklist registered
[    3.250656] workingset: timestamp_bits=36 max_order=16 bucket_order=0
[    3.283925] zbud: loaded
[    3.297487] squashfs: version 4.0 (2009/01/31) Phillip Lougher
[    3.315992] fuse init (API version 7.26)
[    3.336400] Key type asymmetric registered
[    3.357731] Asymmetric key parser 'x509' registered
[    3.378401] Block layer SCSI generic (bsg) driver version 0.4 loaded (major 246)
[    3.407168] io scheduler noop registered
[    3.423104] io scheduler deadline registered
[    3.440953] io scheduler cfq registered (default)
[    3.459976] ACPI: AC Adapter [AC] (on-line)
[    3.477396] input: Power Button as /devices/LNXSYSTM:00/LNXPWRBN:00/input/input0
[    3.504731] ACPI: Power Button [PWRF]
[    3.519691] input: Sleep Button as /devices/LNXSYSTM:00/LNXSLPBN:00/input/input1
[    3.544795] ACPI: Sleep Button [SLPF]
[    3.565423] Serial: 8250/16550 driver, 32 ports, IRQ sharing enabled
[    3.587057] ACPI: Battery Slot [BAT0] (battery present)
[    3.698613] 00:02: ttyS0 at I/O 0x3f8 (irq = 4, base_baud = 115200) is a 16550A
[    3.732884] Linux agpgart interface v0.103
[    3.782575] loop: module loaded
[    3.804117] scsi host0: ata_piix
[    3.819830] scsi host1: ata_piix
[    3.832174] ata1: PATA max UDMA/33 cmd 0x1f0 ctl 0x3f6 bmdma 0xd000 irq 14
[    3.856351] ata2: PATA max UDMA/33 cmd 0x170 ctl 0x376 bmdma 0xd008 irq 15
[    3.890646] tun: Universal TUN/TAP device driver, 1.6
[    3.910216] PPP generic driver version 2.4.2
[    3.926990] ehci_hcd: USB 2.0 'Enhanced' Host Controller (EHCI) Driver
[    3.950743] ehci-pci: EHCI PCI platform driver
[    3.968050] ehci-platform: EHCI generic platform driver
[    3.988618] ohci_hcd: USB 1.1 'Open' Host Controller (OHCI) Driver
[    4.011176] ohci-pci: OHCI PCI platform driver
[    4.028397] ohci-platform: OHCI generic platform driver
[    4.258737] uhci_hcd: USB Universal Host Controller Interface driver
[    4.281304] i8042: PNP: PS/2 Controller [PNP0303:PS2K,PNP0f03:PS2M] at 0x60,0x64 irq 1,12
[    4.322285] serio: i8042 KBD port at 0x60,0x64 irq 1
[    4.341658] serio: i8042 AUX port at 0x60,0x64 irq 12
[    4.357714] mousedev: PS/2 mouse device common for all mice
[    4.387061] input: AT Translated Set 2 keyboard as /devices/platform/i8042/serio0/input/input2
[    4.419539] rtc_cmos rtc_cmos: rtc core: registered rtc_cmos as rtc0
[    4.445534] rtc_cmos rtc_cmos: alarms up to one day, 114 bytes nvram
[    4.470531] i2c /dev entries driver
[    4.485329] device-mapper: uevent: version 1.0.3
[    4.503008] device-mapper: ioctl: 4.37.0-ioctl (2017-09-20) initialised: dm-devel@redhat.com
[    4.532115] ledtrig-cpu: registered to indicate activity on CPUs
[    4.554878] NET: Registered protocol family 10
[    4.593180] Segment Routing with IPv6
[    4.608311] NET: Registered protocol family 17
[    4.625056] Key type dns_resolver registered
[    4.640908] mce: Using 0 MCE banks
[    4.654016] RAS: Correctable Errors collector initialized.
[    4.673710] sched_clock: Marking stable (4673487371, 0)->(8454052320, -3780564949)
[    4.701528] registered taskstats version 1
[    4.715448] Loading compiled-in X.509 certificates
[    4.743583] Loaded X.509 cert 'Build time autogenerated kernel key: b5b26778eaa3ab3a4a6cee031137706e947d12ad'
[    4.782029] Loaded X.509 cert 'Canonical Ltd. Live Patch Signing: 14df34d1a87cf37625abec039ef2bf521249b969'
[    4.813677] Loaded X.509 cert 'Canonical Ltd. Kernel Module Signing: 88f752e560a1e0737e31163a466ad7b70a850c19'
[    4.846939] blacklist: Loading compiled-in revocation X.509 certificates
[    4.867873] Loaded X.509 cert 'Canonical Ltd. Secure Boot Signing: 61482aa2830d0ab2ad5af10b7250da9033ddcef0'
[    4.902258] Loaded X.509 cert 'Canonical Ltd. Secure Boot Signing (2017): 242ade75ac4a15e50d50c84b0d45ff3eae707a03'
[    4.933238] Loaded X.509 cert 'Canonical Ltd. Secure Boot Signing (ESM 2018): 365188c1d374d6b07c3c8f240f8ef722433d6a8b'
[    4.965358] Loaded X.509 cert 'Canonical Ltd. Secure Boot Signing (2019): c0746fd6c5da3ae827864651ad66ae47fe24b3e8'
[    4.993679] Loaded X.509 cert 'Canonical Ltd. Secure Boot Signing (2021 v1): a8d54bbb3825cfb94fa13c9f8a594a195c107b8d'
[    5.016001] Loaded X.509 cert 'Canonical Ltd. Secure Boot Signing (2021 v2): 4cf046892d6fd3c9a5b03f98d845f90851dc6a8c'
[    5.040359] Loaded X.509 cert 'Canonical Ltd. Secure Boot Signing (2021 v3): 100437bb6de6e469b581e61cd66bce3ef4ed53af'
[    5.062293] Loaded X.509 cert 'Canonical Ltd. Secure Boot Signing (Ubuntu Core 2019): c1d57b8f6b743f23ee41f4f7ee292f06eecadfb9'
[    5.085545] zswap: loaded using pool lzo/zbud
[    5.104499] Key type big_key registered
[    5.111319] Key type trusted registered
[    5.125519] Key type encrypted registered
[    5.139517] AppArmor: AppArmor sha1 policy hashing enabled
[    5.158188] ima: No TPM chip found, activating TPM-bypass! (rc=-19)
[    5.177029] ima: Allocated hash algorithm: sha1
[    5.190178] evm: HMAC attrs: 0x1
[    5.202030]   Magic number: 4:578:61
[    5.216573] rtc_cmos rtc_cmos: setting system clock to 2024-08-07 05:04:04 UTC (1723007044)
[    5.241938] BIOS EDD facility v0.16 2004-Jun-25, 0 devices found
[    5.260894] EDD information not available.
[    5.280498] Freeing unused kernel image memory: 2480K
[    5.300636] Write protecting the kernel read-only data: 20480k
[    5.313575] Freeing unused kernel image memory: 2008K
[    5.324453] Freeing unused kernel image memory: 1820K
[    5.349691] x86/mm: Checked W+X mappings: passed, no W+X pages found.
Loading, please wait...
starting version 237
[    5.721545] e1000: Intel(R) PRO/1000 Network Driver - version 7.3.21-k8-NAPI
[    5.748597] e1000: Copyright (c) 1999-2006 Intel Corporation.
[    5.775775] Fusion MPT base driver 3.04.20
[    5.791894] Copyright (c) 1999-2008 LSI Corporation
[    5.969352] SSE version of gcm_enc/dec engaged.
[    6.089257] vboxvideo: loading out-of-tree module taints kernel.
[    6.141300] Fusion MPT SPI Host driver 3.04.20
[    6.193473] vboxvideo: module verification failed: signature and/or required key missing - tainting kernel
[    6.267471] vboxvideo: loading version 7.0.20 r163906
[    6.291679] input: ImExPS/2 Generic Explorer Mouse as /devices/platform/i8042/serio1/input/input4
[    8.121088] e1000 0000:00:03.0 eth0: (PCI:33MHz:32-bit) 02:3b:7b:b7:3b:2d
[    8.135525] e1000 0000:00:03.0 eth0: Intel(R) PRO/1000 Network Connection
[    8.161557] e1000 0000:00:03.0 enp0s3: renamed from eth0
[    8.178962] mptbase: ioc0: Initiating bringup
[    8.321437] ioc0: LSI53C1030 A0: Capabilities={Initiator}
[    8.643954] scsi host2: ioc0: LSI53C1030 A0, FwRev=00000000h, Ports=1, MaxQ=256, IRQ=20
[    8.845585] scsi 2:0:0:0: Direct-Access     VBOX     HARDDISK         1.0  PQ: 0 ANSI: 5
[    8.879419] [drm] VRAM 01000000
[    8.893697] [TTM] Zone  kernel: Available graphics memory: 117286 kiB
[    8.916866] [TTM] Initializing pool allocator
[    8.934756] scsi target2:0:0: Beginning Domain Validation
[    8.955819] [TTM] Initializing DMA pool allocator
[    9.082096] scsi target2:0:0: Domain Validation skipping write tests
[    9.105608] scsi target2:0:0: Ending Domain Validation
[    9.124855] fbcon: vboxdrmfb (fb0) is primary device
[    9.218086] Console: switching to colour frame buffer device 100x37
[    9.219387] scsi target2:0:0: asynchronous
[    9.342360] vboxvideo 0000:00:02.0: fb0: vboxdrmfb frame buffer device
[    9.355653] scsi 2:0:1:0: Direct-Access     VBOX     HARDDISK         1.0  PQ: 0 ANSI: 5
[    9.371303] [drm] Initialized vboxvideo 1.0.0 20130823 for 0000:00:02.0 on minor 0
[    9.386276] scsi target2:0:1: Beginning Domain Validation
[    9.425200] scsi target2:0:1: Domain Validation skipping write tests
[    9.437264] scsi target2:0:1: Ending Domain Validation
[    9.450309] scsi target2:0:1: asynchronous
[    9.507144] sd 2:0:0:0: [sda] 83886080 512-byte logical blocks: (42.9 GB/40.0 GiB)
[    9.524798] sd 2:0:0:0: Attached scsi generic sg0 type 0
[    9.539638] sd 2:0:1:0: Attached scsi generic sg1 type 0
[    9.571243] sd 2:0:1:0: [sdb] 20480 512-byte logical blocks: (10.5 MB/10.0 MiB)
[    9.604475] sd 2:0:0:0: [sda] Write Protect is off
[    9.636705] sd 2:0:1:0: [sdb] Write Protect is off
[    9.670446] sd 2:0:0:0: [sda] Incomplete mode parameter data
[    9.703184] sd 2:0:0:0: [sda] Assuming drive cache: write through
[    9.739378] sd 2:0:1:0: [sdb] Incomplete mode parameter data
[    9.776472] sd 2:0:1:0: [sdb] Assuming drive cache: write through
[    9.826627]  sda: sda1
[    9.879026] sd 2:0:0:0: [sda] Attached SCSI disk
[    9.918620] sd 2:0:1:0: [sdb] Attached SCSI disk
Begin: Loading essential drivers ... [   10.456213] raid6: sse2x1   gen()  4804 MB/s
[   10.548200] raid6: sse2x1   xor()  2122 MB/s
[   10.640379] raid6: sse2x2   gen()  6039 MB/s
[   10.724755] raid6: sse2x2   xor()  3274 MB/s
[   10.828366] raid6: sse2x4   gen()  6378 MB/s
[   10.912592] raid6: sse2x4   xor()  3332 MB/s
[   10.950381] raid6: using algorithm sse2x4 gen() 6378 MB/s
[   10.991963] raid6: .... xor() 3332 MB/s, rmw enabled
[   11.031075] raid6: using ssse3x2 recovery algorithm
[   11.072139] xor: measuring software checksum speed
[   11.213626]    prefetch64-sse: 16414.000 MB/sec
[   11.352358]    generic_sse: 14412.000 MB/sec
[   11.390603] xor: using function: prefetch64-sse (16414.000 MB/sec)
[   11.437244] async_tx: api initialized (async)
done.
Begin: Running /scripts/init-premount ... done.
Begin: Mounting root file system ... Begin: Running /scripts/local-top ... done.
Begin: Running /scripts/local-premount ... [   11.680455] Btrfs loaded, crc32c=crc32c-intel
Scanning for Btrfs filesystems
done.
Begin: Will now check root file system ... fsck from util-linux 2.31.1
[/sbin/fsck.ext4 (1) -- /dev/sda1] fsck.ext4 -a -C0 /dev/sda1 
cloudimg-rootfs: clean, 74497/5120000 files, 740288/10485499 blocks
done.
[   12.006944] EXT4-fs (sda1): mounted filesystem with ordered data mode. Opts: (null)
done.
Begin: Running /scripts/local-bottom ... done.
Begin: Running /scripts/init-bottom ... done.
[   12.807801] ip_tables: (C) 2000-2006 Netfilter Core Team
[   12.913404] systemd[1]: systemd 237 running in system mode. (+PAM +AUDIT +SELINUX +IMA +APPARMOR +SMACK +SYSVINIT +UTMP +LIBCRYPTSETUP +GCRYPT +GNUTLS +ACL +XZ +LZ4 +SECCOMP +BLKID +ELFUTILS +KMOD -IDN2 +IDN -PCRE2 default-hierarchy=hybrid)
[   13.051691] systemd[1]: Detected virtualization oracle.
[   13.095874] systemd[1]: Detected architecture x86-64.

Welcome to [1mUbuntu 18.04.6 LTS[0m!

[   13.159652] systemd[1]: Set hostname to <machine3>.
[   14.254980] systemd[1]: Reached target System Time Synchronized.
[[0;32m  OK  [0m] Reached target System Time Synchronized.
[   14.321539] systemd[1]: Reached target Mounting snaps.
[[0;32m  OK  [0m] Reached target Mounting snaps.
[   14.380326] systemd[1]: Set up automount Arbitrary Executable File Formats File System Automount Point.
[[0;32m  OK  [0m] Set up automount Arbitrary Executab…rmats File System Automount Point.
[   14.489174] systemd[1]: Reached target User and Group Name Lookups.
[[0;32m  OK  [0m] Reached target User and Group Name Lookups.
[   14.556492] systemd[1]: Created slice System Slice.
[[0;32m  OK  [0m] Created slice System Slice.
[   14.621088] systemd[1]: Listening on fsck to fsckd communication Socket.
[[0;32m  OK  [0m] Listening on fsck to fsckd communication Socket.
[[0;32m  OK  [0m] Listening on LVM2 metadata daemon socket.
[[0;32m  OK  [0m] Listening on Syslog Socket.
[[0;32m  OK  [0m] Listening on Journal Socket.
         Starting Set the console keyboard layout...
         Mounting POSIX Message Queue File System...
[[0;32m  OK  [0m] Listening on /dev/initctl Compatibility Named Pipe.
[[0;32m  OK  [0m] Listening on Network Service Netlink Socket.
[[0;32m  OK  [0m] Listening on Device-mapper event daemon FIFOs.
         Starting Uncomplicated firewall...
[[0;32m  OK  [0m] Listening on LVM2 poll daemon socket.
         Mounting Kernel Debug File System...
         Starting Monitoring of LVM2 mirrors…ng dmeventd or progress polling...
[[0;32m  OK  [0m] Created slice system-serial\x2dgetty.slice.
         Starting Load Kernel Modules...
         Starting Remount Root and Kernel File Systems...
[[0;32m  OK  [0m] Listening on Journal Socket (/dev/log).
[[0;32m  OK  [0m] Listening on udev Kernel Socket.
[   15.240876] Loading iSCSI transport class v2.0-870.
         Mounting Huge Pages File System...
[[0;32m  OK  [0m] Reached target Swap.
[[0;32m  OK  [0m] Created slice User and Session Slice.
[   15.331630] EXT4-fs (sda1): re-mounted. Opts: (null)
[[0;32m  OK  [0m] Reached target Slices.
[[0;32m  OK  [0m] Reached target Mounted snaps.
         Starting Create list of required st…ce nodes for the current kernel...
[[0;32m  OK  [0m] Listening on Journal Audit Socket.
         Starting Journal Service...
[[0;32m  OK  [0m] Listening on udev Control Socket.
         Starting udev Coldplug all Devices...
[[0;32m  OK  [0m] Started Forward Password Requests to Wall Directory Watch.[   15.598697] iscsi: registered transport (tcp)

[[0;32m  OK  [0m] Mounted POSIX Message Queue File System.
[[0;32m  OK  [0m] Started Uncomplicated firewall.
[[0;32m  OK  [0m] Mounted Kernel Debug File System.
[[0;32m  OK  [0m] Mounted Huge Pages File System.
[[0;32m  OK  [0m] Started Create list of required sta…vice nodes for the current kernel.
[[0;32m  OK  [0m] Started Remount Root and Kernel File Systems.
[[0;32m  OK  [0m] Started LVM2 metadata daemon.
         Starting Load/Save Random Seed...
         Starting Create Static Device Nodes in /dev...
[[0;32m  OK  [0m] Started Journal Service.
         Starting Flush Journal to Persistent Storage...
[[0;32m  OK  [0m] Started Set the console keyboard layout.
[   16.208104] systemd-journald[427]: Received request to flush runtime journal from PID 1
[[0;32m  OK  [0m] Started Monitoring of LVM2 mirrors,…sing dmeventd or progress polling.
[[0;32m  OK  [0m] Started Load/Save Random Seed.
[[0;32m  OK  [0m] Started Create Static Device Nodes in /dev.
         Starting udev Kernel Device Manager...
[[0;32m  OK  [0m] Reached target Local File Systems (Pre).
[[0;32m  OK  [0m] Reached target Local File Systems.
         Starting Tell Plymouth To Write Out Runtime Data...
         Starting Set console font and keymap...
         Starting AppArmor initialization...
         Starting ebtables ruleset management...
[[0;32m  OK  [0m] Started udev Coldplug all Devices.
[[0;32m  OK  [0m] Started Tell Plymouth To Write Out Runtime Data.
[[0;32m  OK  [0m] Started Set console font and keymap.
[[0;32m  OK  [0m] Started Flush Journal to Persistent Storage.
[[0;32m  OK  [0m] Started udev Kernel Device Manager.[   16.993336] iscsi: registered transport (iser)

[[0;32m  OK  [0m] Started Dispatch Password Requests to Console Directory Watch.
[[0;32m  OK  [0m] Reached target Local Encrypted Volumes.
         Starting Create Volatile Files and Directories...
[[0;32m  OK  [0m] Started Create Volatile Files and Directories.
         Starting Update UTMP about System Boot/Shutdown...
[[0;32m  OK  [0m] Started ebtables ruleset management.
[[0;32m  OK  [0m] Started Load Kernel Modules.
         Starting Apply Kernel Variables...
         Mounting FUSE Control File System...
         Mounting Kernel Configuration File System...
[[0;32m  OK  [0m] Started Update UTMP about System Boot/Shutdown.
[[0;32m  OK  [0m] Mounted FUSE Control File System.
[[0;32m  OK  [0m] Started Apply Kernel Variables.
[[0;32m  OK  [0m] Mounted Kernel Configuration File System.
[[0;32m  OK  [0m] Started AppArmor initialization.
         Starting Load AppArmor profiles managed internally by snapd...
         Starting Initial cloud-init job (pre-networking)...
         Mounting Arbitrary Executable File Formats File System...
[[0;32m  OK  [0m] Mounted Arbitrary Executable File Formats File System.
[[0;32m  OK  [0m] Started Load AppArmor profiles managed internally by snapd.
[[0;32m  OK  [0m] Found device /dev/ttyS0.
[[0;32m  OK  [0m] Listening on Load/Save RF Kill Switch Status /dev/rfkill Watch.
[   25.213439] cloud-init[526]: Cloud-init v. 23.1.2-0ubuntu0~18.04.1 running 'init-local' at Wed, 07 Aug 2024 05:04:23 +0000. Up 24.70 seconds.
[[0;32m  OK  [0m] Started Initial cloud-init job (pre-networking).
[[0;32m  OK  [0m] Reached target Network (Pre).
         Starting Network Service...
[[0;32m  OK  [0m] Started Network Service.
         Starting Wait for Network to be Configured...
         Starting Network Name Resolution...
[[0;32m  OK  [0m] Started Network Name Resolution.
[[0;32m  OK  [0m] Reached target Network.
[[0;32m  OK  [0m] Reached target Host and Network Name Lookups.
[[0;32m  OK  [0m] Started Wait for Network to be Configured.
         Starting Initial cloud-init job (metadata service crawler)...
[   28.679404] cloud-init[724]: Cloud-init v. 23.1.2-0ubuntu0~18.04.1 running 'init' at Wed, 07 Aug 2024 05:04:27 +0000. Up 28.28 seconds.
[   28.753280] cloud-init[724]: ci-info: ++++++++++++++++++++++++++++++++++++++Net device info++++++++++++++++++++++++++++++++++++++
[   28.800579] cloud-init[724]: ci-info: +--------+------+----------------------------+---------------+--------+-------------------+
[   28.835378] cloud-init[724]: ci-info: | Device |  Up  |          Address           |      Mask     | Scope  |     Hw-Address    |
[   28.881797] cloud-init[724]: ci-info: +--------+------+----------------------------+---------------+--------+-------------------+
[   28.934085] cloud-init[724]: ci-info: | enp0s3 | True |         10.0.2.15          | 255.255.255.0 | global | 02:3b:7b:b7:3b:2d |
[   28.986071] cloud-init[724]: ci-info: | enp0s3 | True | fe80::3b:7bff:feb7:3b2d/64 |       .       |  link  | 02:3b:7b:b7:3b:2d |
[   29.022131] cloud-init[724]: ci-info: |   lo   | True |         127.0.0.1          |   255.0.0.0   |  host  |         .         |
[   29.061348] cloud-init[724]: ci-info: |   lo   | True |          ::1/128           |       .       |  host  |         .         |
[   29.104020] cloud-init[724]: ci-info: +--------+------+----------------------------+---------------+--------+-------------------+
[   29.153152] cloud-init[724]: ci-info: ++++++++++++++++++++++++++++Route IPv4 info+++++++++++++++++++++++++++++
[   29.195389] cloud-init[724]: ci-info: +-------+-------------+----------+-----------------+-----------+-------+
[   29.225980] cloud-init[724]: ci-info: | Route | Destination | Gateway  |     Genmask     | Interface | Flags |
[   29.265909] cloud-init[724]: ci-info: +-------+-------------+----------+-----------------+-----------+-------+
[   29.305122] cloud-init[724]: ci-info: |   0   |   0.0.0.0   | 10.0.2.2 |     0.0.0.0     |   enp0s3  |   UG  |
[   29.343772] cloud-init[724]: ci-info: |   1   |   10.0.2.0  | 0.0.0.0  |  255.255.255.0  |   enp0s3  |   U   |
[   29.383084] cloud-init[724]: ci-info: |   2   |   10.0.2.2  | 0.0.0.0  | 255.255.255.255 |   enp0s3  |   UH  |
[   29.450132] cloud-init[724]: ci-info: +-------+-------------+----------+-----------------+-----------+-------+
[   29.489517] cloud-init[724]: ci-info: +++++++++++++++++++Route IPv6 info+++++++++++++++++++
[   29.529720] cloud-init[724]: ci-info: +-------+-------------+---------+-----------+-------+
[   29.568508] cloud-init[724]: ci-info: | Route | Destination | Gateway | Interface | Flags |
[   29.609496] cloud-init[724]: [[0;32m  OK  [0mci-info: +-------+-------------+---------+-----------+-------+] Started Initial cloud-init job (metadata service crawler).

[[0;32m  OK  [0m[   29.664347] ] Reached target System Initialization.
cloud-init[724]: [[0;32m  OK  [0mci-info: |   1   |  fe80::/64  |    ::   |   enp0s3  |   U   |] Started Discard unused blocks once a week.

[[0;32m  OK  [0m] [   29.731045] Started Ubuntu Advantage Timer for running repeated jobs.cloud-init[724]: ci-info: |   3   |    local    |    ::   |   enp0s3  |   U   |

         [   29.773769] Starting LXD - unix socket.cloud-init[724]: 
[[0;32m  OK  [0mci-info: |   4   |   ff00::/8  |    ::   |   enp0s3  |   U   |] Listening on Open-iSCSI iscsid Socket.
[[0;32m  OK  [0m
] Listening on ACPID Listen Socket.[   29.845893] 
[cloud-init[724]: [0;32m  OK  [0m] Started Message of the Day.ci-info: +-------+-------------+---------+-----------+-------+
[
[0;32m  OK  [0m] Listening on D-Bus System Message Bus Socket.
[[0;32m  OK  [0m] Listening on cloud-init hotplug hook socket.
[[0;32m  OK  [0m] Started Daily apt download activities.
[[0;32m  OK  [0m] Started Daily Cleanup of Temporary Directories.
[[0;32m  OK  [0m] Listening on UUID daemon activation socket.
         Starting Socket activation for snappy daemon.
[[0;32m  OK  [0m] Started ACPI Events Check.
[[0;32m  OK  [0m] Started Daily apt upgrade and clean activities.
[[0;32m  OK  [0m] Reached target Paths.
[[0;32m  OK  [0m] Reached target Timers.
[[0;32m  OK  [0m] Reached target Cloud-config availability.
[[0;32m  OK  [0m] Reached target Network is Online.
[[0;32m  OK  [0m] Reached target Remote File Systems (Pre).
         Mounting /vagrant...
         Starting Availability of block devices...
[[0;32m  OK  [0m] Listening on LXD - unix socket.
[[0;32m  OK  [0m] Listening on Socket activation for snappy daemon.
[[0;1;31mFAILED[0m] Failed to mount /vagrant.
See 'systemctl status vagrant.mount' for details.
[[0;1;33mDEPEND[0m] Dependency failed for Remote File Systems.
[[0;32m  OK  [0m] Started Availability of block devices.
[[0;32m  OK  [0m] Reached target Sockets.
[[0;32m  OK  [0m] Reached target Basic System.
         Starting Permit User Sessions...
[[0;32m  OK  [0m] Started irqbalance daemon.
[[0;32m  OK  [0m] Started Deferred execution scheduler.
[[0;32m  OK  [0m] Started Regular background program processing daemon.
         Starting Dispatcher daemon for systemd-networkd...
         Starting LSB: Record successful boot for GRUB...
         Starting Login Service...
[[0;32m  OK  [0m] Started D-Bus System Message Bus.
         Starting vboxadd.service...
         Starting Accounts Service...
         Starting OpenBSD Secure Shell server...
[[0;32m  OK  [0m] Started FUSE filesystem for LXC.
         Starting System Logging Service...
         Starting Snap Daemon...
         Starting LXD - container startup/shutdown...
[[0;32m  OK  [0m] Reached target Login Prompts (Pre).
         Starting LSB: automatic crash report generation...
[[0;32m  OK  [0m] Started System Logging Service.
[[0;32m  OK  [0m] Started Permit User Sessions.
[[0;32m  OK  [0m] Started Login Service.
[[0;32m  OK  [0m] Started Unattended Upgrades Shutdown.
         Starting Terminate Plymouth Boot Screen...
         Starting Hold until boot process finishes up...
         Starting Authorization Manager...
[[0;32m  OK  [0m] Started Terminate Plymouth Boot Screen.
[[0;32m  OK  [0m] Started Hold until boot process finishes up.
[[0;32m  OK  [0m] Started Serial Getty on ttyS0.
         Starting Set console scheme...
[[0;32m  OK  [0m] Started Set console scheme.
[[0;32m  OK  [0m] Started OpenBSD Secure Shell server.
[[0;32m  OK  [0m] Created slice system-getty.slice.
[[0;32m  OK  [0m] Started Getty on tty1.
[[0;32m  OK  [0m] Reached target Login Prompts.
[[0;32m  OK  [0m] Started LSB: Record successful boot for GRUB.
[[0;32m  OK  [0m] Started Authorization Manager.
[[0;32m  OK  [0m] Started Accounts Service.
[[0;32m  OK  [0m] Started LSB: automatic crash report generation.
[[0;32m  OK  [0m] Started LXD - container startup/shutdown.
[[0;32m  OK  [0m] Started Dispatcher daemon for systemd-networkd.
[[0;32m  OK  [0m] Started Snap Daemon.
         Starting Wait until snapd is fully seeded...
         Starting Time & Date Service...
[[0;32m  OK  [0m] Started Time & Date Service.
[[0;32m  OK  [0m] Started Wait until snapd is fully seeded.
         Starting Apply the settings specified in cloud-config...
[[0;32m  OK  [0m] Started vboxadd.service.
         Starting vboxadd-service.service...
[[0;32m  OK  [0m] Started vboxadd-service.service.

Ubuntu 18.04.6 LTS machine3 ttyS0

machine3 login: [   39.640907] cloud-init[1143]: Cloud-init v. 23.1.2-0ubuntu0~18.04.1 running 'modules:config' at Wed, 07 Aug 2024 05:04:38 +0000. Up 39.29 seconds.
[   42.029562] cloud-init[1260]: Cloud-init v. 23.1.2-0ubuntu0~18.04.1 running 'modules:final' at Wed, 07 Aug 2024 05:04:40 +0000. Up 41.65 seconds.
[   42.096625] cloud-init[1260]: Cloud-init v. 23.1.2-0ubuntu0~18.04.1 finished at Wed, 07 Aug 2024 05:04:41 +0000. Datasource DataSourceNoCloud [seed=/dev/sdb][dsmode=net].  Up 42.00 seconds
